2018-12-14 09:12:32,210: INFO: User logged in: slavyana.c@gmail.com - Slavyana
2018-12-14 10:44:54,805: INFO: New registered user: admin@blog.com - Admin
2018-12-14 10:44:55,561: INFO: New registered user: admin@blog.com - Admin
2018-12-14 10:44:55,781: INFO: User logged in: admin@blog.com - Admin
2018-12-14 10:44:55,859: INFO: New post created: My Title by <User 1>
2018-12-14 10:44:56,342: INFO: New registered user: admin@blog.com - Admin
2018-12-14 10:44:56,572: INFO: User logged in: admin@blog.com - Admin
2018-12-14 10:44:57,037: INFO: New registered user: admin@blog.com - Admin
2018-12-14 10:44:57,264: INFO: User logged in: admin@blog.com - Admin
2018-12-14 10:44:57,312: INFO: Changed account details for admin@blog.com - Admin
2018-12-14 10:44:57,781: INFO: New registered user: admin@blog.com - Admin
2018-12-14 10:44:58,050: INFO: New registered user: new@blog.com - NewName
2018-12-14 10:44:58,269: INFO: User logged in: admin@blog.com - Admin
2018-12-14 10:44:58,770: INFO: New registered user: admin@blog.com - Admin
2018-12-14 10:44:58,990: INFO: User logged in: admin@blog.com - Admin
2018-12-14 10:44:59,028: INFO: Logging out: admin@blog.com - Admin
2018-12-14 10:44:59,466: INFO: New registered user: admin@blog.com - Admin
2018-12-14 10:44:59,686: INFO: User logged in: admin@blog.com - Admin
2018-12-14 10:45:00,137: INFO: New registered user: admin@blog.com - Admin
2018-12-14 10:46:19,995: INFO: New registered user: admin@blog.com - Admin
2018-12-14 10:46:20,766: INFO: New registered user: admin@blog.com - Admin
2018-12-14 10:46:20,985: INFO: User logged in: admin@blog.com - Admin
2018-12-14 10:46:21,065: INFO: New post created: My Title by <User 1>
2018-12-14 10:46:21,499: INFO: New registered user: admin@blog.com - Admin
2018-12-14 10:46:21,721: INFO: User logged in: admin@blog.com - Admin
2018-12-14 10:46:22,196: INFO: New registered user: admin@blog.com - Admin
2018-12-14 10:46:22,418: INFO: User logged in: admin@blog.com - Admin
2018-12-14 10:46:22,464: INFO: Changed account details for admin@blog.com - Admin
2018-12-14 10:46:22,919: INFO: New registered user: admin@blog.com - Admin
2018-12-14 10:46:23,186: INFO: New registered user: new@blog.com - NewName
2018-12-14 10:46:23,415: INFO: User logged in: admin@blog.com - Admin
2018-12-14 10:46:23,884: INFO: New registered user: admin@blog.com - Admin
2018-12-14 10:46:24,104: INFO: User logged in: admin@blog.com - Admin
2018-12-14 10:46:24,139: INFO: Logging out: admin@blog.com - Admin
2018-12-14 10:46:24,567: INFO: New registered user: admin@blog.com - Admin
2018-12-14 10:46:24,800: INFO: User logged in: admin@blog.com - Admin
2018-12-14 10:46:25,236: INFO: New registered user: admin@blog.com - Admin
2018-12-14 10:49:39,820: INFO: New registered user: admin@blog.com - Admin
2018-12-14 10:49:40,629: INFO: New registered user: admin@blog.com - Admin
2018-12-14 10:49:40,863: INFO: User logged in: admin@blog.com - Admin
2018-12-14 10:49:40,935: INFO: New post created: My Title by <User 1>
2018-12-14 10:49:41,367: INFO: New registered user: admin@blog.com - Admin
2018-12-14 10:49:41,598: INFO: User logged in: admin@blog.com - Admin
2018-12-14 10:49:42,106: INFO: New registered user: admin@blog.com - Admin
2018-12-14 10:49:42,328: INFO: User logged in: admin@blog.com - Admin
2018-12-14 10:49:42,378: INFO: Changed account details for admin@blog.com - Admin
2018-12-14 10:49:42,845: INFO: New registered user: admin@blog.com - Admin
2018-12-14 10:49:43,110: INFO: New registered user: new@blog.com - NewName
2018-12-14 10:49:43,335: INFO: User logged in: admin@blog.com - Admin
2018-12-14 10:49:44,009: INFO: New registered user: admin@blog.com - Admin
2018-12-14 10:49:44,242: INFO: User logged in: admin@blog.com - Admin
2018-12-14 10:49:44,278: INFO: Logging out: admin@blog.com - Admin
2018-12-14 10:49:44,714: INFO: New registered user: admin@blog.com - Admin
2018-12-14 10:49:44,945: INFO: User logged in: admin@blog.com - Admin
2018-12-14 10:49:45,387: INFO: New registered user: admin@blog.com - Admin
